[debug] [2022-11-15T02:02:15.000Z] ----------------------------------------------------------------------
[debug] [2022-11-15T02:02:15.026Z] Command:       C:\Program Files\nodejs\node.exe C:\Users\Nica\AppData\Roaming\npm\node_modules\firebase-tools\lib\bin\firebase.js init
[debug] [2022-11-15T02:02:15.027Z] CLI Version:   11.16.0
[debug] [2022-11-15T02:02:15.028Z] Platform:      win32
[debug] [2022-11-15T02:02:15.028Z] Node Version:  v18.12.1
[debug] [2022-11-15T02:02:15.443Z] Time:          Mon Nov 14 2022 18:02:15 GMT-0800 (Pacific Standard Time)
[debug] [2022-11-15T02:02:15.445Z] ----------------------------------------------------------------------
[debug] 
[debug] [2022-11-15T02:02:15.849Z] > command requires scopes: ["email","openid","https://www.googleapis.com/auth/cloudplatformprojects.readonly","https://www.googleapis.com/auth/firebase","https://www.googleapis.com/auth/cloud-platform"]
[debug] [2022-11-15T02:02:15.850Z] > authorizing via signed-in user (nicamallorca123@gmail.com)
[info] 
     ######## #### ########  ######## ########     ###     ######  ########
     ##        ##  ##     ## ##       ##     ##  ##   ##  ##       ##
     ######    ##  ########  ######   ########  #########  ######  ######
     ##        ##  ##    ##  ##       ##     ## ##     ##       ## ##
     ##       #### ##     ## ######## ########  ##     ##  ######  ########

You're about to initialize a Firebase project in this directory:

  C:\Users\Nica\Downloads\online-canteen

Before we get started, keep in mind:

  * You are initializing within an existing Firebase project directory

[info] 
=== Project Setup
[info] 
[info] First, let's associate this project directory with a Firebase project.
[info] You can create multiple project aliases by running firebase use --add, 
[info] but for now we'll just set up a default project.
[info] 
[debug] [2022-11-15T02:03:08.827Z] Using project from CLI flag: online-canteen-6264f
[debug] [2022-11-15T02:03:09.133Z] >>> [apiv2][query] GET https://firebase.googleapis.com/v1beta1/projects/online-canteen-6264f [none]
[debug] [2022-11-15T02:03:14.669Z] <<< [apiv2][status] GET https://firebase.googleapis.com/v1beta1/projects/online-canteen-6264f 403
[debug] [2022-11-15T02:03:14.672Z] <<< [apiv2][body] GET https://firebase.googleapis.com/v1beta1/projects/online-canteen-6264f {"error":{"code":403,"message":"The caller does not have permission","status":"PERMISSION_DENIED"}}
[debug] [2022-11-15T02:03:14.676Z] HTTP Error: 403, The caller does not have permission
[debug] [2022-11-15T02:03:14.729Z] FirebaseError: HTTP Error: 403, The caller does not have permission
    at responseToError (C:\Users\Nica\AppData\Roaming\npm\node_modules\firebase-tools\lib\responseToError.js:49:12)
    at RetryOperation._fn (C:\Users\Nica\AppData\Roaming\npm\node_modules\firebase-tools\lib\apiv2.js:288:77)
    at process.processTicksAndRejections (node:internal/process/task_queues:95:5)
[error] 
[error] Error: Failed to get Firebase project online-canteen-6264f. Please make sure the project exists and your account has permission to access it.
[debug] [2022-11-15T02:05:43.417Z] ----------------------------------------------------------------------
[debug] [2022-11-15T02:05:43.484Z] Command:       C:\Program Files\nodejs\node.exe C:\Users\Nica\AppData\Roaming\npm\node_modules\firebase-tools\lib\bin\firebase.js init
[debug] [2022-11-15T02:05:43.486Z] CLI Version:   11.16.0
[debug] [2022-11-15T02:05:43.488Z] Platform:      win32
[debug] [2022-11-15T02:05:43.488Z] Node Version:  v18.12.1
[debug] [2022-11-15T02:05:43.846Z] Time:          Mon Nov 14 2022 18:05:43 GMT-0800 (Pacific Standard Time)
[debug] [2022-11-15T02:05:43.848Z] ----------------------------------------------------------------------
[debug] 
[debug] [2022-11-15T02:05:44.185Z] > command requires scopes: ["email","openid","https://www.googleapis.com/auth/cloudplatformprojects.readonly","https://www.googleapis.com/auth/firebase","https://www.googleapis.com/auth/cloud-platform"]
[debug] [2022-11-15T02:05:44.186Z] > authorizing via signed-in user (nicamallorca123@gmail.com)
[info] 
     ######## #### ########  ######## ########     ###     ######  ########
     ##        ##  ##     ## ##       ##     ##  ##   ##  ##       ##
     ######    ##  ########  ######   ########  #########  ######  ######
     ##        ##  ##    ##  ##       ##     ## ##     ##       ## ##
     ##       #### ##     ## ######## ########  ##     ##  ######  ########

You're about to initialize a Firebase project in this directory:

  C:\Users\Nica\Downloads\online-canteen

Before we get started, keep in mind:

  * You are initializing within an existing Firebase project directory

[info] 
=== Project Setup
[info] 
[info] First, let's associate this project directory with a Firebase project.
[info] You can create multiple project aliases by running firebase use --add, 
[info] but for now we'll just set up a default project.
[info] 
[debug] [2022-11-15T02:06:23.050Z] Using project from CLI flag: online-canteen-6264f
[debug] [2022-11-15T02:06:23.476Z] >>> [apiv2][query] GET https://firebase.googleapis.com/v1beta1/projects/online-canteen-6264f [none]
[debug] [2022-11-15T02:06:25.818Z] <<< [apiv2][status] GET https://firebase.googleapis.com/v1beta1/projects/online-canteen-6264f 403
[debug] [2022-11-15T02:06:25.819Z] <<< [apiv2][body] GET https://firebase.googleapis.com/v1beta1/projects/online-canteen-6264f {"error":{"code":403,"message":"The caller does not have permission","status":"PERMISSION_DENIED"}}
[debug] [2022-11-15T02:06:25.821Z] HTTP Error: 403, The caller does not have permission
[debug] [2022-11-15T02:06:25.872Z] FirebaseError: HTTP Error: 403, The caller does not have permission
    at responseToError (C:\Users\Nica\AppData\Roaming\npm\node_modules\firebase-tools\lib\responseToError.js:49:12)
    at RetryOperation._fn (C:\Users\Nica\AppData\Roaming\npm\node_modules\firebase-tools\lib\apiv2.js:288:77)
    at process.processTicksAndRejections (node:internal/process/task_queues:95:5)
[error] 
[error] Error: Failed to get Firebase project online-canteen-6264f. Please make sure the project exists and your account has permission to access it.
[debug] [2022-11-15T02:10:18.151Z] ----------------------------------------------------------------------
[debug] [2022-11-15T02:10:18.189Z] Command:       C:\Program Files\nodejs\node.exe C:\Users\Nica\AppData\Roaming\npm\node_modules\firebase-tools\lib\bin\firebase.js deploy
[debug] [2022-11-15T02:10:18.191Z] CLI Version:   11.16.0
[debug] [2022-11-15T02:10:18.192Z] Platform:      win32
[debug] [2022-11-15T02:10:18.192Z] Node Version:  v18.12.1
[debug] [2022-11-15T02:10:18.493Z] Time:          Mon Nov 14 2022 18:10:18 GMT-0800 (Pacific Standard Time)
[debug] [2022-11-15T02:10:18.495Z] ----------------------------------------------------------------------
[debug] 
[debug] [2022-11-15T02:10:18.778Z] > command requires scopes: ["email","openid","https://www.googleapis.com/auth/cloudplatformprojects.readonly","https://www.googleapis.com/auth/firebase","https://www.googleapis.com/auth/cloud-platform"]
[debug] [2022-11-15T02:10:18.779Z] > authorizing via signed-in user (nicamallorca123@gmail.com)
[debug] [2022-11-15T02:10:18.779Z] [iam] checking project online-canteen-6264f for permissions ["firebase.projects.get","firebasehosting.sites.update"]
[debug] [2022-11-15T02:10:18.855Z] >>> [apiv2][query] POST https://cloudresourcemanager.googleapis.com/v1/projects/online-canteen-6264f:testIamPermissions [none]
[debug] [2022-11-15T02:10:18.857Z] >>> [apiv2][(partial)header] POST https://cloudresourcemanager.googleapis.com/v1/projects/online-canteen-6264f:testIamPermissions x-goog-quota-user=projects/online-canteen-6264f
[debug] [2022-11-15T02:10:18.858Z] >>> [apiv2][body] POST https://cloudresourcemanager.googleapis.com/v1/projects/online-canteen-6264f:testIamPermissions {"permissions":["firebase.projects.get","firebasehosting.sites.update"]}
[debug] [2022-11-15T02:10:23.357Z] <<< [apiv2][status] POST https://cloudresourcemanager.googleapis.com/v1/projects/online-canteen-6264f:testIamPermissions 200
[debug] [2022-11-15T02:10:23.357Z] <<< [apiv2][body] POST https://cloudresourcemanager.googleapis.com/v1/projects/online-canteen-6264f:testIamPermissions {}
[debug] [2022-11-15T02:10:23.358Z] [iam] error while checking permissions, command may fail: FirebaseError: Authorization failed. This account is missing the following required permissions on project online-canteen-6264f:

  firebase.projects.get
  firebasehosting.sites.update
[debug] [2022-11-15T02:10:23.361Z] >>> [apiv2][query] GET https://firebase.googleapis.com/v1beta1/projects/online-canteen-6264f [none]
[debug] [2022-11-15T02:10:26.313Z] <<< [apiv2][status] GET https://firebase.googleapis.com/v1beta1/projects/online-canteen-6264f 403
[debug] [2022-11-15T02:10:26.314Z] <<< [apiv2][body] GET https://firebase.googleapis.com/v1beta1/projects/online-canteen-6264f {"error":{"code":403,"message":"The caller does not have permission","status":"PERMISSION_DENIED"}}
[debug] [2022-11-15T02:10:26.319Z] HTTP Error: 403, The caller does not have permission
[debug] [2022-11-15T02:10:26.325Z] FirebaseError: HTTP Error: 403, The caller does not have permission
    at responseToError (C:\Users\Nica\AppData\Roaming\npm\node_modules\firebase-tools\lib\responseToError.js:49:12)
    at RetryOperation._fn (C:\Users\Nica\AppData\Roaming\npm\node_modules\firebase-tools\lib\apiv2.js:288:77)
    at process.processTicksAndRejections (node:internal/process/task_queues:95:5)
[error] 
[error] Error: Failed to get Firebase project online-canteen-6264f. Please make sure the project exists and your account has permission to access it.
[debug] [2022-11-15T02:34:21.632Z] ----------------------------------------------------------------------
[debug] [2022-11-15T02:34:21.698Z] Command:       C:\Program Files\nodejs\node.exe C:\Users\Nica\AppData\Roaming\npm\node_modules\firebase-tools\lib\bin\firebase.js deploy
[debug] [2022-11-15T02:34:21.701Z] CLI Version:   11.16.0
[debug] [2022-11-15T02:34:21.704Z] Platform:      win32
[debug] [2022-11-15T02:34:21.705Z] Node Version:  v18.12.1
[debug] [2022-11-15T02:34:22.327Z] Time:          Mon Nov 14 2022 18:34:21 GMT-0800 (Pacific Standard Time)
[debug] [2022-11-15T02:34:22.328Z] ----------------------------------------------------------------------
[debug] 
[debug] [2022-11-15T02:34:22.784Z] > command requires scopes: ["email","openid","https://www.googleapis.com/auth/cloudplatformprojects.readonly","https://www.googleapis.com/auth/firebase","https://www.googleapis.com/auth/cloud-platform"]
[debug] [2022-11-15T02:34:22.788Z] > authorizing via signed-in user (nicamallorca123@gmail.com)
[debug] [2022-11-15T02:34:22.788Z] [iam] checking project online-canteen-6264f for permissions ["firebase.projects.get","firebasehosting.sites.update"]
[debug] [2022-11-15T02:34:22.983Z] >>> [apiv2][query] POST https://cloudresourcemanager.googleapis.com/v1/projects/online-canteen-6264f:testIamPermissions [none]
[debug] [2022-11-15T02:34:22.984Z] >>> [apiv2][(partial)header] POST https://cloudresourcemanager.googleapis.com/v1/projects/online-canteen-6264f:testIamPermissions x-goog-quota-user=projects/online-canteen-6264f
[debug] [2022-11-15T02:34:22.984Z] >>> [apiv2][body] POST https://cloudresourcemanager.googleapis.com/v1/projects/online-canteen-6264f:testIamPermissions {"permissions":["firebase.projects.get","firebasehosting.sites.update"]}
[debug] [2022-11-15T02:34:29.354Z] <<< [apiv2][status] POST https://cloudresourcemanager.googleapis.com/v1/projects/online-canteen-6264f:testIamPermissions 200
[debug] [2022-11-15T02:34:29.356Z] <<< [apiv2][body] POST https://cloudresourcemanager.googleapis.com/v1/projects/online-canteen-6264f:testIamPermissions {}
[debug] [2022-11-15T02:34:29.358Z] [iam] error while checking permissions, command may fail: FirebaseError: Authorization failed. This account is missing the following required permissions on project online-canteen-6264f:

  firebase.projects.get
  firebasehosting.sites.update
[debug] [2022-11-15T02:34:29.363Z] >>> [apiv2][query] GET https://firebase.googleapis.com/v1beta1/projects/online-canteen-6264f [none]
[debug] [2022-11-15T02:34:30.513Z] <<< [apiv2][status] GET https://firebase.googleapis.com/v1beta1/projects/online-canteen-6264f 403
[debug] [2022-11-15T02:41:20.539Z] ----------------------------------------------------------------------
[debug] [2022-11-15T02:41:20.576Z] Command:       C:\Program Files\nodejs\node.exe C:\Users\Nica\AppData\Roaming\npm\node_modules\firebase-tools\lib\bin\firebase.js init
[debug] [2022-11-15T02:41:20.576Z] CLI Version:   11.16.0
[debug] [2022-11-15T02:41:20.577Z] Platform:      win32
[debug] [2022-11-15T02:41:20.577Z] Node Version:  v18.12.1
[debug] [2022-11-15T02:41:20.916Z] Time:          Mon Nov 14 2022 18:41:20 GMT-0800 (Pacific Standard Time)
[debug] [2022-11-15T02:41:20.918Z] ----------------------------------------------------------------------
[debug] 
[debug] [2022-11-15T02:41:21.355Z] > command requires scopes: ["email","openid","https://www.googleapis.com/auth/cloudplatformprojects.readonly","https://www.googleapis.com/auth/firebase","https://www.googleapis.com/auth/cloud-platform"]
[debug] [2022-11-15T02:41:21.356Z] > authorizing via signed-in user (nicamallorca123@gmail.com)
[info] 
     ######## #### ########  ######## ########     ###     ######  ########
     ##        ##  ##     ## ##       ##     ##  ##   ##  ##       ##
     ######    ##  ########  ######   ########  #########  ######  ######
     ##        ##  ##    ##  ##       ##     ## ##     ##       ## ##
     ##       #### ##     ## ######## ########  ##     ##  ######  ########

You're about to initialize a Firebase project in this directory:

  C:\Users\Nica\Downloads\online-canteen

Before we get started, keep in mind:

  * You are initializing within an existing Firebase project directory

[info] 
=== Project Setup
[info] 
[info] First, let's associate this project directory with a Firebase project.
[info] You can create multiple project aliases by running firebase use --add, 
[info] but for now we'll just set up a default project.
[info] 
[debug] [2022-11-15T02:42:10.624Z] Using project from CLI flag: online-canteen-6264f
[debug] [2022-11-15T02:42:10.706Z] >>> [apiv2][query] GET https://firebase.googleapis.com/v1beta1/projects/online-canteen-6264f [none]
[debug] [2022-11-15T02:42:14.622Z] <<< [apiv2][status] GET https://firebase.googleapis.com/v1beta1/projects/online-canteen-6264f 403
[debug] [2022-11-15T02:42:14.623Z] <<< [apiv2][body] GET https://firebase.googleapis.com/v1beta1/projects/online-canteen-6264f {"error":{"code":403,"message":"The caller does not have permission","status":"PERMISSION_DENIED"}}
[debug] [2022-11-15T02:42:14.626Z] HTTP Error: 403, The caller does not have permission
[debug] [2022-11-15T02:42:14.666Z] FirebaseError: HTTP Error: 403, The caller does not have permission
    at responseToError (C:\Users\Nica\AppData\Roaming\npm\node_modules\firebase-tools\lib\responseToError.js:49:12)
    at RetryOperation._fn (C:\Users\Nica\AppData\Roaming\npm\node_modules\firebase-tools\lib\apiv2.js:288:77)
    at process.processTicksAndRejections (node:internal/process/task_queues:95:5)
[error] 
[error] Error: Failed to get Firebase project online-canteen-6264f. Please make sure the project exists and your account has permission to access it.
[debug] [2022-11-15T02:44:23.492Z] ----------------------------------------------------------------------
[debug] [2022-11-15T02:44:23.551Z] Command:       C:\Program Files\nodejs\node.exe C:\Users\Nica\AppData\Roaming\npm\node_modules\firebase-tools\lib\bin\firebase.js init
[debug] [2022-11-15T02:44:23.552Z] CLI Version:   11.16.0
[debug] [2022-11-15T02:44:23.552Z] Platform:      win32
[debug] [2022-11-15T02:44:23.553Z] Node Version:  v18.12.1
[debug] [2022-11-15T02:44:24.636Z] Time:          Mon Nov 14 2022 18:44:23 GMT-0800 (Pacific Standard Time)
[debug] [2022-11-15T02:44:24.637Z] ----------------------------------------------------------------------
[debug] 
[debug] [2022-11-15T02:44:25.042Z] > command requires scopes: ["email","openid","https://www.googleapis.com/auth/cloudplatformprojects.readonly","https://www.googleapis.com/auth/firebase","https://www.googleapis.com/auth/cloud-platform"]
[debug] [2022-11-15T02:44:25.043Z] > authorizing via signed-in user (nicamallorca123@gmail.com)
[info] 
     ######## #### ########  ######## ########     ###     ######  ########
     ##        ##  ##     ## ##       ##     ##  ##   ##  ##       ##
     ######    ##  ########  ######   ########  #########  ######  ######
     ##        ##  ##    ##  ##       ##     ## ##     ##       ## ##
     ##       #### ##     ## ######## ########  ##     ##  ######  ########

You're about to initialize a Firebase project in this directory:

  C:\Users\Nica\Downloads\online-canteen

Before we get started, keep in mind:

  * You are initializing within an existing Firebase project directory

[info] 
=== Project Setup
[info] 
[info] First, let's associate this project directory with a Firebase project.
[info] You can create multiple project aliases by running firebase use --add, 
[info] but for now we'll just set up a default project.
[info] 
[debug] [2022-11-15T02:45:13.660Z] Using project from CLI flag: online-canteen-6264f
[debug] [2022-11-15T02:45:13.757Z] > refreshing access token with scopes: []
[debug] [2022-11-15T02:45:13.789Z] >>> [apiv2][query] POST https://www.googleapis.com/oauth2/v3/token [none]
[debug] [2022-11-15T02:45:13.789Z] >>> [apiv2][body] POST https://www.googleapis.com/oauth2/v3/token [omitted]
[debug] [2022-11-15T02:45:15.705Z] <<< [apiv2][status] POST https://www.googleapis.com/oauth2/v3/token 200
[debug] [2022-11-15T02:45:15.706Z] <<< [apiv2][body] POST https://www.googleapis.com/oauth2/v3/token [omitted]
[debug] [2022-11-15T02:45:15.861Z] >>> [apiv2][query] GET https://firebase.googleapis.com/v1beta1/projects/online-canteen-6264f [none]
[debug] [2022-11-15T02:45:16.891Z] <<< [apiv2][status] GET https://firebase.googleapis.com/v1beta1/projects/online-canteen-6264f 403
[debug] [2022-11-15T02:45:16.891Z] <<< [apiv2][body] GET https://firebase.googleapis.com/v1beta1/projects/online-canteen-6264f {"error":{"code":403,"message":"The caller does not have permission","status":"PERMISSION_DENIED"}}
[debug] [2022-11-15T02:45:16.892Z] HTTP Error: 403, The caller does not have permission
[debug] [2022-11-15T02:45:16.919Z] FirebaseError: HTTP Error: 403, The caller does not have permission
    at responseToError (C:\Users\Nica\AppData\Roaming\npm\node_modules\firebase-tools\lib\responseToError.js:49:12)
    at RetryOperation._fn (C:\Users\Nica\AppData\Roaming\npm\node_modules\firebase-tools\lib\apiv2.js:288:77)
    at process.processTicksAndRejections (node:internal/process/task_queues:95:5)
[error] 
[error] Error: Failed to get Firebase project online-canteen-6264f. Please make sure the project exists and your account has permission to access it.
[debug] [2022-11-15T02:47:01.559Z] ----------------------------------------------------------------------
[debug] [2022-11-15T02:47:01.571Z] Command:       C:\Program Files\nodejs\node.exe C:\Users\Nica\AppData\Roaming\npm\node_modules\firebase-tools\lib\bin\firebase.js init
[debug] [2022-11-15T02:47:01.574Z] CLI Version:   11.16.0
[debug] [2022-11-15T02:47:01.575Z] Platform:      win32
[debug] [2022-11-15T02:47:01.576Z] Node Version:  v18.12.1
[debug] [2022-11-15T02:47:01.578Z] Time:          Mon Nov 14 2022 18:47:01 GMT-0800 (Pacific Standard Time)
[debug] [2022-11-15T02:47:01.578Z] ----------------------------------------------------------------------
[debug] 
[debug] [2022-11-15T02:47:01.904Z] > command requires scopes: ["email","openid","https://www.googleapis.com/auth/cloudplatformprojects.readonly","https://www.googleapis.com/auth/firebase","https://www.googleapis.com/auth/cloud-platform"]
[debug] [2022-11-15T02:47:01.905Z] > authorizing via signed-in user (nicamallorca123@gmail.com)
[info] 
     ######## #### ########  ######## ########     ###     ######  ########
     ##        ##  ##     ## ##       ##     ##  ##   ##  ##       ##
     ######    ##  ########  ######   ########  #########  ######  ######
     ##        ##  ##    ##  ##       ##     ## ##     ##       ## ##
     ##       #### ##     ## ######## ########  ##     ##  ######  ########

You're about to initialize a Firebase project in this directory:

  C:\Users\Nica\Downloads\online-canteen

Before we get started, keep in mind:

  * You are initializing within an existing Firebase project directory

[info] 
=== Project Setup
[info] 
[info] First, let's associate this project directory with a Firebase project.
[info] You can create multiple project aliases by running firebase use --add, 
[info] but for now we'll just set up a default project.
[info] 
[debug] [2022-11-15T02:47:58.903Z] Using project from CLI flag: online-canteen-6264f
[debug] [2022-11-15T02:47:59.099Z] >>> [apiv2][query] GET https://firebase.googleapis.com/v1beta1/projects/online-canteen-6264f [none]
[debug] [2022-11-15T02:48:02.528Z] <<< [apiv2][status] GET https://firebase.googleapis.com/v1beta1/projects/online-canteen-6264f 403
[debug] [2022-11-15T02:48:02.528Z] <<< [apiv2][body] GET https://firebase.googleapis.com/v1beta1/projects/online-canteen-6264f {"error":{"code":403,"message":"The caller does not have permission","status":"PERMISSION_DENIED"}}
[debug] [2022-11-15T02:48:02.529Z] HTTP Error: 403, The caller does not have permission
[debug] [2022-11-15T02:48:02.561Z] FirebaseError: HTTP Error: 403, The caller does not have permission
    at responseToError (C:\Users\Nica\AppData\Roaming\npm\node_modules\firebase-tools\lib\responseToError.js:49:12)
    at RetryOperation._fn (C:\Users\Nica\AppData\Roaming\npm\node_modules\firebase-tools\lib\apiv2.js:288:77)
    at process.processTicksAndRejections (node:internal/process/task_queues:95:5)
[error] 
[error] Error: Failed to get Firebase project online-canteen-6264f. Please make sure the project exists and your account has permission to access it.
[debug] [2022-11-15T02:48:49.681Z] ----------------------------------------------------------------------
[debug] [2022-11-15T02:48:49.684Z] Command:       C:\Program Files\nodejs\node.exe C:\Users\Nica\AppData\Roaming\npm\node_modules\firebase-tools\lib\bin\firebase.js deploy
[debug] [2022-11-15T02:48:49.685Z] CLI Version:   11.16.0
[debug] [2022-11-15T02:48:49.685Z] Platform:      win32
[debug] [2022-11-15T02:48:49.686Z] Node Version:  v18.12.1
[debug] [2022-11-15T02:48:49.687Z] Time:          Mon Nov 14 2022 18:48:49 GMT-0800 (Pacific Standard Time)
[debug] [2022-11-15T02:48:49.687Z] ----------------------------------------------------------------------
[debug] 
[debug] [2022-11-15T02:48:49.813Z] > command requires scopes: ["email","openid","https://www.googleapis.com/auth/cloudplatformprojects.readonly","https://www.googleapis.com/auth/firebase","https://www.googleapis.com/auth/cloud-platform"]
[debug] [2022-11-15T02:48:49.814Z] > authorizing via signed-in user (nicamallorca123@gmail.com)
[debug] [2022-11-15T02:48:49.814Z] [iam] checking project online-canteen-6264f for permissions ["firebase.projects.get","firebasehosting.sites.update"]
[debug] [2022-11-15T02:48:49.818Z] >>> [apiv2][query] POST https://cloudresourcemanager.googleapis.com/v1/projects/online-canteen-6264f:testIamPermissions [none]
[debug] [2022-11-15T02:48:49.819Z] >>> [apiv2][(partial)header] POST https://cloudresourcemanager.googleapis.com/v1/projects/online-canteen-6264f:testIamPermissions x-goog-quota-user=projects/online-canteen-6264f
[debug] [2022-11-15T02:48:49.819Z] >>> [apiv2][body] POST https://cloudresourcemanager.googleapis.com/v1/projects/online-canteen-6264f:testIamPermissions {"permissions":["firebase.projects.get","firebasehosting.sites.update"]}
[debug] [2022-11-15T02:48:51.773Z] <<< [apiv2][status] POST https://cloudresourcemanager.googleapis.com/v1/projects/online-canteen-6264f:testIamPermissions 200
[debug] [2022-11-15T02:48:51.774Z] <<< [apiv2][body] POST https://cloudresourcemanager.googleapis.com/v1/projects/online-canteen-6264f:testIamPermissions {}
[debug] [2022-11-15T02:48:51.775Z] [iam] error while checking permissions, command may fail: FirebaseError: Authorization failed. This account is missing the following required permissions on project online-canteen-6264f:

  firebase.projects.get
  firebasehosting.sites.update
[debug] [2022-11-15T02:48:51.778Z] >>> [apiv2][query] GET https://firebase.googleapis.com/v1beta1/projects/online-canteen-6264f [none]
[debug] [2022-11-15T02:48:52.890Z] <<< [apiv2][status] GET https://firebase.googleapis.com/v1beta1/projects/online-canteen-6264f 403
[debug] [2022-11-15T02:48:52.890Z] <<< [apiv2][body] GET https://firebase.googleapis.com/v1beta1/projects/online-canteen-6264f {"error":{"code":403,"message":"The caller does not have permission","status":"PERMISSION_DENIED"}}
[debug] [2022-11-15T02:48:52.895Z] HTTP Error: 403, The caller does not have permission
[debug] [2022-11-15T02:48:52.902Z] FirebaseError: HTTP Error: 403, The caller does not have permission
    at responseToError (C:\Users\Nica\AppData\Roaming\npm\node_modules\firebase-tools\lib\responseToError.js:49:12)
    at RetryOperation._fn (C:\Users\Nica\AppData\Roaming\npm\node_modules\firebase-tools\lib\apiv2.js:288:77)
    at process.processTicksAndRejections (node:internal/process/task_queues:95:5)
[error] 
[error] Error: Failed to get Firebase project online-canteen-6264f. Please make sure the project exists and your account has permission to access it.
